<?xml version="1.0" encoding="UTF-8"?>
<!-- Generated by org.testng.reporters.JUnitReportReporter -->
<testsuite hostname="DESKTOP-1ULGF16" failures="0" tests="1" name="extentReports.ExtentReportAmazonEx" time="3.949" errors="0" timestamp="2024-11-07T11:14:29 IST" skipped="0">
  <testcase classname="extentReports.ExtentReportAmazonEx" name="screenshot" time="3.949"/>
  <system-out/>
</testsuite> <!-- extentReports.ExtentReportAmazonEx -->
