<?xml version="1.0" encoding="UTF-8"?>
<!-- Generated by org.testng.reporters.JUnitReportReporter -->
<testsuite hostname="DESKTOP-1ULGF16" failures="0" tests="1" name="extentReports.ToAttachScreenShotIntoReport" time="107.515" errors="0" timestamp="2024-11-07T09:57:55 IST" skipped="0">
  <testcase classname="extentReports.ToAttachScreenShotIntoReport" name="screenshot" time="107.515"/>
  <system-out/>
</testsuite> <!-- extentReports.ToAttachScreenShotIntoReport -->
