<?xml version="1.0" encoding="UTF-8"?>
<!-- Generated by org.testng.reporters.JUnitReportReporter -->
<testsuite hostname="DESKTOP-1ULGF16" failures="0" tests="1" name="extentReports.ToLearnExtentReport" time="0.624" errors="0" timestamp="2024-11-07T09:35:22 IST" skipped="0">
  <testcase classname="extentReports.ToLearnExtentReport" name="report" time="0.624"/>
  <system-out/>
</testsuite> <!-- extentReports.ToLearnExtentReport -->
